<?xml version="1.0" encoding="UTF-8"?>
<!-- Generated by org.testng.reporters.JUnitXMLReporter -->
<testsuite ignored="0" hostname="Dhanya" failures="0" tests="10" name="Surefire test" time="248.642" errors="0" timestamp="20 Sep. 2024 17:06:34 GMT">
  <testcase classname="testcases.HomeTest" name="HomePageTextVerification" time="6.103"/>
  <testcase classname="testcases.LoginTest" name="login" time="9.89"/>
  <testcase classname="testcases.PersonalInfoTest" name="HeaderTextVerification" time="9.454"/>
  <testcase classname="testcases.HomeTest" name="RecoveryDetailsFromPropertyFile" time="21.876"/>
  <testcase classname="testcases.LoginTest" name="ForgotEmail" time="7.493"/>
  <testcase classname="testcases.PersonalInfoTest" name="BasicInfo" time="14.644"/>
  <testcase classname="testcases.HomeTest" name="RecoveryDetailsFromTestDataSheet" time="19.182"/>
  <testcase classname="testcases.HomeTest" name="RecoveryDetailsFromTestDataSheet" time="19.085"/>
  <testcase classname="testcases.LoginTest" name="LearnMoreAboutUSingGuestMode" time="3.221"/>
  <testcase classname="testcases.PersonalInfoTest" name="ContactInfo" time="9.379"/>
</testsuite> <!-- Surefire test -->
