<?xml version="1.0" encoding="UTF-8"?>
<!-- Generated by org.testng.reporters.JUnitXMLReporter -->
<testsuite ignored="0" hostname="Dhanya" failures="1" tests="10" name="Test" time="229.32" errors="0" timestamp="20 Sep. 2024 16:21:46 GMT">
  <testcase classname="testcases.LoginTest" name="login" time="9.907"/>
  <testcase classname="testcases.HomeTest" name="HomePageTextVerification" time="6.06"/>
  <testcase classname="testcases.PersonalInfoTest" name="HeaderTextVerification" time="9.427"/>
  <testcase classname="testcases.LoginTest" name="ForgotEmail" time="7.486"/>
  <testcase classname="testcases.HomeTest" name="RecoveryDetailsFromPropertyFile" time="3.035">
    <failure type="org.openqa.selenium.NoSuchElementException" message="Unable to locate element: //a[@aria-label=&amp;apos;Add recovery phone&amp;apos;]
For documentation on this error, please visit: https://www.selenium.dev/documentation/webdriver/troubleshooting/errors#no-such-element-exception
Build info: version: &amp;apos;4.24.0&amp;apos;, revision: &amp;apos;748ffc9bc3&amp;apos;
System info: os.name: &amp;apos;Windows 11&amp;apos;, os.arch: &amp;apos;amd64&amp;apos;, os.version: &amp;apos;10.0&amp;apos;, java.version: &amp;apos;17.0.6&amp;apos;
Driver info: org.openqa.selenium.firefox.FirefoxDriver
Command: [6c5b8012-befe-489c-9b07-fb62290afd9b, findElement {value=//a[@aria-label=&amp;apos;Add recovery phone&amp;apos;], using=xpath}]
Capabilities {acceptInsecureCerts: true, browserName: firefox, browserVersion: 130.0.1, moz:accessibilityChecks: false, moz:buildID: 20240913135723, moz:debuggerAddress: 127.0.0.1:19947, moz:geckodriverVersion: 0.35.0, moz:headless: false, moz:platformVersion: 10.0, moz:processID: 4000, moz:profile: C:\Users\dhany\AppData\Loca..., moz:shutdownTimeout: 60000, moz:webdriverClick: true, moz:windowless: false, pageLoadStrategy: normal, platformName: windows, proxy: Proxy(), se:cdp: ws://127.0.0.1:19947/devtoo..., se:cdpVersion: 85.0, setWindowRect: true, strictFileInteractability: false, timeouts: {implicit: 0, pageLoad: 300000, script: 30000}, unhandledPromptBehavior: dismiss and notify, userAgent: Mozilla/5.0 (Windows NT 10....}
Session ID: 6c5b8012-befe-489c-9b07-fb62290afd9b">
      <![CDATA[org.openqa.selenium.NoSuchElementException: Unable to locate element: //a[@aria-label='Add recovery phone']
For documentation on this error, please visit: https://www.selenium.dev/documentation/webdriver/troubleshooting/errors#no-such-element-exception
Build info: version: '4.24.0', revision: '748ffc9bc3'
System info: os.name: 'Windows 11', os.arch: 'amd64', os.version: '10.0', java.version: '17.0.6'
Driver info: org.openqa.selenium.firefox.FirefoxDriver
Command: [6c5b8012-befe-489c-9b07-fb62290afd9b, findElement {value=//a[@aria-label='Add recovery phone'], using=xpath}]
Capabilities {acceptInsecureCerts: true, browserName: firefox, browserVersion: 130.0.1, moz:accessibilityChecks: false, moz:buildID: 20240913135723, moz:debuggerAddress: 127.0.0.1:19947, moz:geckodriverVersion: 0.35.0, moz:headless: false, moz:platformVersion: 10.0, moz:processID: 4000, moz:profile: C:\Users\dhany\AppData\Loca..., moz:shutdownTimeout: 60000, moz:webdriverClick: true, moz:windowless: false, pageLoadStrategy: normal, platformName: windows, proxy: Proxy(), se:cdp: ws://127.0.0.1:19947/devtoo..., se:cdpVersion: 85.0, setWindowRect: true, strictFileInteractability: false, timeouts: {implicit: 0, pageLoad: 300000, script: 30000}, unhandledPromptBehavior: dismiss and notify, userAgent: Mozilla/5.0 (Windows NT 10....}
Session ID: 6c5b8012-befe-489c-9b07-fb62290afd9b
at org.openqa.selenium.remote.ErrorCodec.decode(ErrorCodec.java:167)
at org.openqa.selenium.remote.codec.w3c.W3CHttpResponseCodec.decode(W3CHttpResponseCodec.java:138)
at org.openqa.selenium.remote.codec.w3c.W3CHttpResponseCodec.decode(W3CHttpResponseCodec.java:50)
at org.openqa.selenium.remote.HttpCommandExecutor.execute(HttpCommandExecutor.java:190)
at org.openqa.selenium.remote.service.DriverCommandExecutor.invokeExecute(DriverCommandExecutor.java:216)
at org.openqa.selenium.remote.service.DriverCommandExecutor.execute(DriverCommandExecutor.java:174)
at org.openqa.selenium.remote.RemoteWebDriver.execute(RemoteWebDriver.java:545)
at org.openqa.selenium.remote.ElementLocation$ElementFinder$2.findElement(ElementLocation.java:165)
at org.openqa.selenium.remote.ElementLocation.findElement(ElementLocation.java:59)
at org.openqa.selenium.remote.RemoteWebDriver.findElement(RemoteWebDriver.java:368)
at org.openqa.selenium.remote.RemoteWebDriver.findElement(RemoteWebDriver.java:362)
at org.openqa.selenium.support.pagefactory.DefaultElementLocator.findElement(DefaultElementLocator.java:68)
at org.openqa.selenium.support.pagefactory.internal.LocatingElementHandler.invoke(LocatingElementHandler.java:38)
at jdk.proxy2/jdk.proxy2.$Proxy15.click(Unknown Source)
at pages.HomePage.AddRecoveryPhone(HomePage.java:70)
at testcases.HomeTest.RecoveryDetailsFromPropertyFile(HomeTest.java:49)
... Removed 30 stack frames]]>
    </failure>
  </testcase> <!-- RecoveryDetailsFromPropertyFile -->
  <testcase classname="testcases.PersonalInfoTest" name="BasicInfo" time="14.677"/>
  <testcase classname="testcases.LoginTest" name="LearnMoreAboutUSingGuestMode" time="3.223"/>
  <testcase classname="testcases.HomeTest" name="RecoveryDetailsFromTestDataSheet" time="19.259"/>
  <testcase classname="testcases.HomeTest" name="RecoveryDetailsFromTestDataSheet" time="19.067"/>
  <testcase classname="testcases.PersonalInfoTest" name="ContactInfo" time="9.325"/>
</testsuite> <!-- Test -->
