<?xml version="1.0" encoding="UTF-8"?>
<testsuite xmlns:xsi="http://www.w3.org/2001/XMLSchema-instance" xsi:noNamespaceSchemaLocation="https://maven.apache.org/surefire/maven-surefire-plugin/xsd/surefire-test-report.xsd" version="3.0.1" name="TestSuite" time="249.063" tests="10" errors="0" skipped="0" failures="0">
  <properties>
[...]
</properties>
  <testcase name="HomePageTextVerification" classname="testcases.HomeTest" time="6.067"/>
  <testcase name="RecoveryDetailsFromPropertyFile" classname="testcases.HomeTest" time="21.875">
    <system-out><![CDATA[ABC Group Product Development, Orenda Road, Brampton, ON
ABC Convenience, McMurchy Avenue North, Brampton, ON
ABC Driving School, Queen Street East, Brampton, ON
ABC Montessori, Matheson Boulevard East, Mississauga, ON
ABC Euro Delicatessen, Lebovic Avenue, Scarborough, ON
]]></system-out>
  </testcase>
  <testcase name="RecoveryDetailsFromTestDataSheet[6 Rotunda St, 4377331160](1)" classname="testcases.HomeTest" time="19.184">
    <system-out><![CDATA[2024-09-20T17:04:49.718681700Z main ERROR Log4j2 could not find a logging implementation. Please add log4j-core to the classpath. Using SimpleLogger to log to the console...
6 Rotunda Street, Brampton, ON
6 Rotunda Place, Scarborough, ON
6 Rotunda Drive, Sterling Heights, MI, USA
6 Rotunda Drive, Hamilton Township, NJ, USA
6 Rotunda Street, Lynchburg, VA, USA
]]></system-out>
  </testcase>
  <testcase name="RecoveryDetailsFromTestDataSheet[75 Mc Murchy , 5143267891](2)" classname="testcases.HomeTest" time="19.085">
    <system-out><![CDATA[75 McMurchy Avenue South, Brampton, ON
75 McMurchy Avenue North, Brampton, ON
75 McMurchy Lane, Hillsburgh, ON
75 McMurchy Avenue, Regina, SK
75 McMurchy Line, West Elgin, ON
]]></system-out>
  </testcase>
  <testcase name="login" classname="testcases.LoginTest" time="9.899"/>
  <testcase name="ForgotEmail" classname="testcases.LoginTest" time="7.497"/>
  <testcase name="LearnMoreAboutUSingGuestMode" classname="testcases.LoginTest" time="3.228"/>
  <testcase name="HeaderTextVerification" classname="testcases.PersonalInfoTest" time="9.452"/>
  <testcase name="BasicInfo" classname="testcases.PersonalInfoTest" time="14.651"/>
  <testcase name="ContactInfo" classname="testcases.PersonalInfoTest" time="9.378"/>
</testsuite>